TN:
SF:C:\Users\jemilan.jeyaseelan\libraryManagement\src\polyfills.ts
FNF:0
FNH:0
LF:0
LH:0
BRF:0
BRH:0
end_of_record
TN:
SF:C:\Users\jemilan.jeyaseelan\libraryManagement\src\test.ts
FNF:0
FNH:0
DA:13,1
DA:18,1
DA:20,1
LF:3
LH:3
BRF:0
BRH:0
end_of_record
TN:
SF:C:\Users\jemilan.jeyaseelan\libraryManagement\src\app\app-routing.module.ts
FNF:0
FNH:0
DA:15,1
DA:33,1
LF:2
LH:2
BRF:0
BRH:0
end_of_record
TN:
SF:C:\Users\jemilan.jeyaseelan\libraryManagement\src\app\app.component.ts
FN:14,(anonymous_0)
FN:17,(anonymous_1)
FN:21,(anonymous_2)
FN:24,(anonymous_3)
FN:27,(anonymous_4)
FNF:5
FNH:1
FNDA:2,(anonymous_0)
FNDA:0,(anonymous_1)
FNDA:0,(anonymous_2)
FNDA:0,(anonymous_3)
FNDA:0,(anonymous_4)
DA:11,1
DA:13,2
DA:14,2
DA:15,2
DA:18,0
DA:19,0
DA:22,0
DA:25,0
DA:28,0
LF:9
LH:4
BRF:0
BRH:0
end_of_record
TN:
SF:C:\Users\jemilan.jeyaseelan\libraryManagement\src\app\app.module.ts
FNF:0
FNH:0
DA:39,1
LF:1
LH:1
BRF:0
BRH:0
end_of_record
TN:
SF:C:\Users\jemilan.jeyaseelan\libraryManagement\src\app\book.service.ts
FN:38,(anonymous_0)
FN:16,(anonymous_1)
FN:21,(anonymous_2)
FN:26,(anonymous_3)
FN:34,(anonymous_4)
FNF:5
FNH:1
FNDA:2,(anonymous_0)
FNDA:0,(anonymous_1)
FNDA:0,(anonymous_2)
FNDA:0,(anonymous_3)
FNDA:0,(anonymous_4)
DA:11,1
DA:13,2
DA:15,2
DA:17,0
DA:18,0
DA:19,0
DA:22,0
DA:23,0
DA:24,0
DA:27,0
DA:28,0
DA:29,0
DA:31,0
DA:35,0
DA:38,2
LF:15
LH:4
BRDA:27,0,0,0
BRDA:27,0,1,0
BRF:2
BRH:0
end_of_record
TN:
SF:C:\Users\jemilan.jeyaseelan\libraryManagement\src\app\login.service.ts
FN:28,(anonymous_0)
FN:11,(anonymous_1)
FN:18,(anonymous_2)
FN:31,(anonymous_3)
FN:39,(anonymous_4)
FN:40,(anonymous_5)
FN:51,(anonymous_6)
FN:58,(anonymous_7)
FN:65,(anonymous_8)
FNF:9
FNH:1
FNDA:6,(anonymous_0)
FNDA:0,(anonymous_1)
FNDA:0,(anonymous_2)
FNDA:0,(anonymous_3)
FNDA:0,(anonymous_4)
FNDA:0,(anonymous_5)
FNDA:0,(anonymous_6)
FNDA:0,(anonymous_7)
FNDA:0,(anonymous_8)
DA:10,1
DA:12,0
DA:13,0
DA:14,0
DA:15,0
DA:16,0
DA:19,0
DA:20,0
DA:21,0
DA:24,6
DA:28,6
DA:29,6
DA:33,0
DA:37,0
DA:40,0
DA:41,0
DA:42,0
DA:44,0
DA:45,0
DA:46,0
DA:47,0
DA:48,0
DA:52,0
DA:53,0
DA:54,0
DA:59,0
DA:60,0
DA:63,0
DA:66,0
LF:29
LH:4
BRDA:19,0,0,0
BRDA:19,0,1,0
BRDA:33,1,0,0
BRDA:33,1,1,0
BRDA:41,2,0,0
BRDA:41,2,1,0
BRDA:42,3,0,0
BRDA:42,3,1,0
BRDA:52,4,0,0
BRDA:52,4,1,0
BRDA:59,5,0,0
BRDA:59,5,1,0
BRF:12
BRH:0
end_of_record
TN:
SF:C:\Users\jemilan.jeyaseelan\libraryManagement\src\app\message.service.ts
FN:13,(anonymous_0)
FN:8,(anonymous_1)
FN:14,(anonymous_2)
FN:18,(anonymous_3)
FN:22,(anonymous_4)
FNF:5
FNH:2
FNDA:12,(anonymous_0)
FNDA:0,(anonymous_1)
FNDA:0,(anonymous_2)
FNDA:0,(anonymous_3)
FNDA:7,(anonymous_4)
DA:7,1
DA:9,0
DA:11,12
DA:15,0
DA:16,0
DA:19,0
DA:20,0
DA:23,7
DA:24,7
LF:9
LH:4
BRF:0
BRH:0
end_of_record
TN:
SF:C:\Users\jemilan.jeyaseelan\libraryManagement\src\app\request.service.ts
FN:40,(anonymous_0)
FN:12,(anonymous_1)
FN:15,(anonymous_2)
FN:18,(anonymous_3)
FN:21,(anonymous_4)
FN:24,(anonymous_5)
FN:27,(anonymous_6)
FN:31,(anonymous_7)
FN:34,(anonymous_8)
FNF:9
FNH:4
FNDA:3,(anonymous_0)
FNDA:0,(anonymous_1)
FNDA:0,(anonymous_2)
FNDA:0,(anonymous_3)
FNDA:0,(anonymous_4)
FNDA:0,(anonymous_5)
FNDA:1,(anonymous_6)
FNDA:1,(anonymous_7)
FNDA:1,(anonymous_8)
DA:10,1
DA:13,0
DA:16,0
DA:19,0
DA:22,0
DA:25,0
DA:28,1
DA:29,1
DA:32,1
DA:36,1
DA:38,3
DA:40,3
LF:12
LH:7
BRF:0
BRH:0
end_of_record
TN:
SF:C:\Users\jemilan.jeyaseelan\libraryManagement\src\app\xhr-interceptor.service.ts
FN:15,(anonymous_0)
FN:9,(anonymous_1)
FNF:2
FNH:2
FNDA:3,(anonymous_0)
FNDA:3,(anonymous_1)
DA:7,1
DA:10,3
DA:13,3
LF:3
LH:3
BRF:0
BRH:0
end_of_record
TN:
SF:C:\Users\jemilan.jeyaseelan\libraryManagement\src\app\admin\add-book\add-book.component.ts
FN:17,(anonymous_0)
FN:20,(anonymous_1)
FN:22,(anonymous_2)
FN:25,(anonymous_3)
FNF:4
FNH:2
FNDA:1,(anonymous_0)
FNDA:0,(anonymous_1)
FNDA:0,(anonymous_2)
FNDA:1,(anonymous_3)
DA:13,1
DA:14,1
DA:17,1
DA:21,0
DA:22,0
DA:23,0
DA:26,1
LF:7
LH:4
BRF:0
BRH:0
end_of_record
TN:
SF:C:\Users\jemilan.jeyaseelan\libraryManagement\src\app\admin\approvel\approvel.component.ts
FN:16,(anonymous_0)
FN:20,(anonymous_1)
FN:22,(anonymous_2)
FN:31,(anonymous_3)
FN:34,(anonymous_4)
FN:36,(anonymous_5)
FN:39,(anonymous_6)
FN:41,(anonymous_7)
FN:44,(anonymous_8)
FN:46,(anonymous_9)
FN:49,(anonymous_10)
FN:51,(anonymous_11)
FN:53,(anonymous_12)
FNF:13
FNH:2
FNDA:1,(anonymous_0)
FNDA:0,(anonymous_1)
FNDA:0,(anonymous_2)
FNDA:0,(anonymous_3)
FNDA:0,(anonymous_4)
FNDA:0,(anonymous_5)
FNDA:0,(anonymous_6)
FNDA:0,(anonymous_7)
FNDA:0,(anonymous_8)
FNDA:0,(anonymous_9)
FNDA:0,(anonymous_10)
FNDA:1,(anonymous_11)
FNDA:0,(anonymous_12)
DA:13,1
DA:14,1
DA:16,1
DA:18,1
DA:21,0
DA:22,0
DA:23,0
DA:26,0
DA:32,0
DA:33,0
DA:34,0
DA:37,0
DA:38,0
DA:39,0
DA:42,0
DA:43,0
DA:44,0
DA:47,0
DA:48,0
DA:49,0
DA:52,1
DA:53,0
DA:54,1
LF:23
LH:6
BRDA:23,0,0,0
BRDA:23,0,1,0
BRF:2
BRH:0
end_of_record
TN:
SF:C:\Users\jemilan.jeyaseelan\libraryManagement\src\app\admin\register\register.component.ts
FN:16,(anonymous_0)
FN:18,(anonymous_1)
FN:21,(anonymous_2)
FN:22,(anonymous_3)
FNF:4
FNH:2
FNDA:1,(anonymous_0)
FNDA:1,(anonymous_1)
FNDA:0,(anonymous_2)
FNDA:0,(anonymous_3)
DA:12,1
DA:14,1
DA:16,1
DA:19,1
DA:22,0
DA:23,0
LF:6
LH:4
BRF:0
BRH:0
end_of_record
TN:
SF:C:\Users\jemilan.jeyaseelan\libraryManagement\src\app\auth\atuth-gaurd.guard.ts
FN:10,(anonymous_0)
FN:11,(anonymous_1)
FN:16,(anonymous_2)
FNF:3
FNH:1
FNDA:1,(anonymous_0)
FNDA:0,(anonymous_1)
FNDA:0,(anonymous_2)
DA:9,1
DA:10,1
DA:14,0
DA:17,0
DA:18,0
DA:19,0
DA:22,0
LF:7
LH:2
BRDA:17,0,0,0
BRDA:17,0,1,0
BRF:2
BRH:0
end_of_record
TN:
SF:C:\Users\jemilan.jeyaseelan\libraryManagement\src\app\login-component\login-component.component.ts
FN:15,(anonymous_0)
FN:16,(anonymous_1)
FN:20,(anonymous_2)
FNF:3
FNH:2
FNDA:1,(anonymous_0)
FNDA:0,(anonymous_1)
FNDA:1,(anonymous_2)
DA:12,1
DA:13,1
DA:14,1
DA:15,1
DA:17,0
DA:18,0
DA:21,1
LF:7
LH:5
BRF:0
BRH:0
end_of_record
TN:
SF:C:\Users\jemilan.jeyaseelan\libraryManagement\src\app\messages\messages.component.ts
FN:11,(anonymous_0)
FN:13,(anonymous_1)
FNF:2
FNH:2
FNDA:3,(anonymous_0)
FNDA:1,(anonymous_1)
DA:9,1
DA:11,3
DA:14,1
LF:3
LH:3
BRF:0
BRH:0
end_of_record
TN:
SF:C:\Users\jemilan.jeyaseelan\libraryManagement\src\app\search-books\search-books.component.ts
FN:16,(anonymous_0)
FN:17,(anonymous_1)
FN:21,(anonymous_2)
FN:21,(anonymous_3)
FN:29,(anonymous_4)
FN:32,(anonymous_5)
FN:33,(anonymous_6)
FN:41,(anonymous_7)
FN:44,(anonymous_8)
FN:48,(anonymous_9)
FNF:10
FNH:2
FNDA:1,(anonymous_0)
FNDA:0,(anonymous_1)
FNDA:0,(anonymous_2)
FNDA:0,(anonymous_3)
FNDA:0,(anonymous_4)
FNDA:0,(anonymous_5)
FNDA:0,(anonymous_6)
FNDA:0,(anonymous_7)
FNDA:0,(anonymous_8)
FNDA:1,(anonymous_9)
DA:11,1
DA:13,1
DA:14,1
DA:16,1
DA:19,0
DA:20,0
DA:21,0
DA:22,0
DA:26,0
DA:30,0
DA:31,0
DA:32,0
DA:34,0
DA:38,0
DA:43,0
DA:44,0
DA:49,1
LF:17
LH:5
BRDA:19,0,0,0
BRDA:19,0,1,0
BRDA:30,1,0,0
BRDA:30,1,1,0
BRDA:30,2,0,0
BRDA:30,2,1,0
BRF:6
BRH:0
end_of_record
TN:
SF:C:\Users\jemilan.jeyaseelan\libraryManagement\src\app\user\lent-deatill\lent-deatill.component.ts
FN:16,(anonymous_0)
FN:17,(anonymous_1)
FN:18,(anonymous_2)
FN:20,(anonymous_3)
FN:21,(anonymous_4)
FN:23,(anonymous_5)
FN:24,(anonymous_6)
FN:29,(anonymous_7)
FN:31,(anonymous_8)
FNF:9
FNH:4
FNDA:1,(anonymous_0)
FNDA:1,(anonymous_1)
FNDA:0,(anonymous_2)
FNDA:1,(anonymous_3)
FNDA:0,(anonymous_4)
FNDA:0,(anonymous_5)
FNDA:0,(anonymous_6)
FNDA:0,(anonymous_7)
FNDA:1,(anonymous_8)
DA:12,1
DA:16,1
DA:18,1
DA:21,1
DA:24,0
DA:25,0
DA:26,0
DA:28,0
DA:29,0
DA:31,1
DA:32,1
DA:33,1
LF:12
LH:7
BRDA:25,0,0,0
BRDA:25,0,1,0
BRF:2
BRH:0
end_of_record
